2023-01-15 19:23:44,390 - Debug Adapter (main) - DEBUG - START_TIME_2023_01_15_19-23-44
2023-01-15 19:23:44,391 - Debug Adapter (main) - DEBUG - Init errors:None
2023-01-15 19:23:44,392 - Debug Adapter (main) - INFO - Working directory: /vscode/vscode-server/bin/linux-x64/97dec172d3256f8ca4bfb2143f3f76b503ca0534
2023-01-15 19:23:44,393 - Debug Adapter (main) - INFO - Arguments: 
{   'app_flash_off': 65536,
    'board_type': None,
    'cmdfile': '/workspaces/esp-idf-vscode-generated.gdb',
    'core_file': (),
    'debug': 5,
    'developer_mode': 'none',
    'device_name': 'esp32',
    'elfpath': ('/workspaces/build/ssh-client.elf',),
    'log_file': '/workspaces/debug.log',
    'log_mult_files': None,
    'log_no_debug_console': None,
    'oocd': 'openocd',
    'oocd_args': None,
    'oocd_ip': 'localhost',
    'oocd_mode': 'without_oocd',
    'oocd_scripts': None,
    'port': 43474,
    'postmortem': False,
    'tmo_scale_factor': 1,
    'toolchain_prefix': 'xtensa-esp32-elf-'}
2023-01-15 19:23:44,395 - Debug Adapter (main) - CRITICAL - Debug adapter -> Extension: DEBUG_ADAPTER_STARTED
2023-01-15 19:23:44,396 - Debug Adapter (main) - INFO - Starting. Cmd: /root/.vscode-server/extensions/espressif.esp-idf-extension-1.5.1/esp_debug_adapter/debug_adapter_main.py -d 5 -e /workspaces/build/ssh-client.elf -l /workspaces/debug.log -p 43474 -dn esp32 -a 0x10000 -t xtensa-esp32-elf- -om without_oocd -x /workspaces/esp-idf-vscode-generated.gdb

2023-01-15 19:23:44,401 - Debug Adapter (main) - WARNING - Error with a port #43474
